{
"contracts/Stake.sol":{"l":{"22":18,"30":4,"31":4,"32":4,"33":4,"34":4,"35":4,"43":1,"44":1,"45":0,"46":0,"47":0,"55":2,"56":2,"63":1},"path":"/Users/vishnuc/Documents/HardhatProjects/thaliExercise1/contracts/Stake.sol","s":{"1":18,"2":4,"3":4,"4":4,"5":4,"6":4,"7":4,"8":1,"9":1,"10":0,"11":0,"12":0,"13":2,"14":2,"15":1},"b":{"1":[1,0],"2":[0,1],"3":[2,0]},"f":{"1":18,"2":4,"3":1,"4":2,"5":1},"fnMap":{"1":{"name":"constructor","line":21,"loc":{"start":{"line":21,"column":4},"end":{"line":23,"column":4}}},"2":{"name":"stake","line":29,"loc":{"start":{"line":29,"column":4},"end":{"line":36,"column":4}}},"3":{"name":"withdraw","line":42,"loc":{"start":{"line":42,"column":4},"end":{"line":48,"column":4}}},"4":{"name":"setTreasury","line":54,"loc":{"start":{"line":54,"column":4},"end":{"line":57,"column":4}}},"5":{"name":"collectFee","line":62,"loc":{"start":{"line":62,"column":4},"end":{"line":64,"column":4}}}},"statementMap":{"1":{"start":{"line":22,"column":8},"end":{"line":22,"column":27}},"2":{"start":{"line":30,"column":8},"end":{"line":30,"column":38}},"3":{"start":{"line":31,"column":8},"end":{"line":31,"column":22}},"4":{"start":{"line":32,"column":8},"end":{"line":32,"column":48}},"5":{"start":{"line":33,"column":8},"end":{"line":33,"column":40}},"6":{"start":{"line":34,"column":8},"end":{"line":34,"column":61}},"7":{"start":{"line":35,"column":8},"end":{"line":35,"column":44}},"8":{"start":{"line":43,"column":8},"end":{"line":43,"column":69}},"9":{"start":{"line":44,"column":8},"end":{"line":44,"column":100}},"10":{"start":{"line":45,"column":8},"end":{"line":45,"column":36}},"11":{"start":{"line":46,"column":8},"end":{"line":46,"column":42}},"12":{"start":{"line":47,"column":8},"end":{"line":47,"column":47}},"13":{"start":{"line":55,"column":8},"end":{"line":55,"column":78}},"14":{"start":{"line":56,"column":8},"end":{"line":56,"column":23}},"15":{"start":{"line":63,"column":8},"end":{"line":63,"column":40}}},"branchMap":{"1":{"line":43,"type":"if","locations":[{"start":{"line":43,"column":8},"end":{"line":43,"column":8}},{"start":{"line":43,"column":8},"end":{"line":43,"column":8}}]},"2":{"line":44,"type":"if","locations":[{"start":{"line":44,"column":8},"end":{"line":44,"column":8}},{"start":{"line":44,"column":8},"end":{"line":44,"column":8}}]},"3":{"line":55,"type":"if","locations":[{"start":{"line":55,"column":8},"end":{"line":55,"column":8}},{"start":{"line":55,"column":8},"end":{"line":55,"column":8}}]}}},
"contracts/Token.sol":{"l":{"13":54,"22":4,"29":2,"36":1,"43":0,"54":71},"path":"/Users/vishnuc/Documents/HardhatProjects/thaliExercise1/contracts/Token.sol","s":{"1":54,"2":4,"3":2,"4":1,"5":0,"6":71},"b":{},"f":{"1":54,"2":4,"3":2,"4":1,"5":0,"6":71},"fnMap":{"1":{"name":"constructor","line":12,"loc":{"start":{"line":12,"column":4},"end":{"line":14,"column":4}}},"2":{"name":"mint","line":21,"loc":{"start":{"line":21,"column":4},"end":{"line":23,"column":4}}},"3":{"name":"pause","line":28,"loc":{"start":{"line":28,"column":4},"end":{"line":30,"column":4}}},"4":{"name":"unpause","line":35,"loc":{"start":{"line":35,"column":4},"end":{"line":37,"column":4}}},"5":{"name":"decimals","line":42,"loc":{"start":{"line":42,"column":4},"end":{"line":44,"column":4}}},"6":{"name":"_beforeTokenTransfer","line":53,"loc":{"start":{"line":49,"column":4},"end":{"line":55,"column":4}}}},"statementMap":{"1":{"start":{"line":13,"column":8},"end":{"line":13,"column":37}},"2":{"start":{"line":22,"column":8},"end":{"line":22,"column":24}},"3":{"start":{"line":29,"column":8},"end":{"line":29,"column":15}},"4":{"start":{"line":36,"column":8},"end":{"line":36,"column":17}},"5":{"start":{"line":43,"column":8},"end":{"line":43,"column":16}},"6":{"start":{"line":54,"column":8},"end":{"line":54,"column":51}}},"branchMap":{}}}
