TN:
SF:/Users/vishnuc/Documents/HardhatProjects/thaliExercise1/contracts/Stake.sol
FN:21,constructor
FN:29,stake
FN:42,withdraw
FN:54,setTreasury
FN:62,collectFee
FNF:5
FNH:5
FNDA:18,constructor
FNDA:4,stake
FNDA:1,withdraw
FNDA:2,setTreasury
FNDA:1,collectFee
DA:22,18
DA:30,4
DA:31,4
DA:32,4
DA:33,4
DA:34,4
DA:35,4
DA:43,1
DA:44,1
DA:45,0
DA:46,0
DA:47,0
DA:55,2
DA:56,2
DA:63,1
LF:15
LH:12
BRDA:43,1,0,1
BRDA:43,1,1,0
BRDA:44,2,0,0
BRDA:44,2,1,1
BRDA:55,3,0,2
BRDA:55,3,1,0
BRF:6
BRH:3
end_of_record
TN:
SF:/Users/vishnuc/Documents/HardhatProjects/thaliExercise1/contracts/Token.sol
FN:12,constructor
FN:21,mint
FN:28,pause
FN:35,unpause
FN:42,decimals
FN:53,_beforeTokenTransfer
FNF:6
FNH:5
FNDA:54,constructor
FNDA:4,mint
FNDA:2,pause
FNDA:1,unpause
FNDA:0,decimals
FNDA:71,_beforeTokenTransfer
DA:13,54
DA:22,4
DA:29,2
DA:36,1
DA:43,0
DA:54,71
LF:6
LH:5
BRF:0
BRH:0
end_of_record
